{"/Users/m1pro2021/mhmdiamd/kuliah/semester7/tugas-testing-qa/src/App.tsx": {"path":"/Users/m1pro2021/mhmdiamd/kuliah/semester7/tugas-testing-qa/src/App.tsx","statementMap":{"0":{"start":{"line":7,"column":6},"end":{"line":104,"column":null}},"1":{"start":{"line":16,"column":44},"end":{"line":17,"column":19}},"2":{"start":{"line":20,"column":2},"end":{"line":49,"column":null}},"3":{"start":{"line":21,"column":4},"end":{"line":49,"column":null}},"4":{"start":{"line":37,"column":34},"end":{"line":37,"column":null}},"5":{"start":{"line":44,"column":34},"end":{"line":44,"column":null}},"6":{"start":{"line":54,"column":8},"end":{"line":56,"column":null}},"7":{"start":{"line":55,"column":4},"end":{"line":55,"column":null}},"8":{"start":{"line":56,"column":4},"end":{"line":56,"column":null}},"9":{"start":{"line":59,"column":2},"end":{"line":104,"column":null}}},"fnMap":{"0":{"name":"(anonymous_0)","decl":{"start":{"line":7,"column":6},"end":{"line":7,"column":28}},"loc":{"start":{"line":7,"column":28},"end":{"line":104,"column":null}},"line":7},"1":{"name":"(anonymous_1)","decl":{"start":{"line":37,"column":14},"end":{"line":37,"column":34}},"loc":{"start":{"line":37,"column":34},"end":{"line":37,"column":null}},"line":37},"2":{"name":"(anonymous_2)","decl":{"start":{"line":44,"column":14},"end":{"line":44,"column":34}},"loc":{"start":{"line":44,"column":34},"end":{"line":44,"column":null}},"line":44},"3":{"name":"(anonymous_3)","decl":{"start":{"line":54,"column":8},"end":{"line":54,"column":22}},"loc":{"start":{"line":54,"column":43},"end":{"line":56,"column":null}},"line":54}},"branchMap":{"0":{"loc":{"start":{"line":20,"column":2},"end":{"line":49,"column":null}},"type":"if","locations":[{"start":{"line":20,"column":2},"end":{"line":49,"column":null}},{"start":{},"end":{}}],"line":20},"1":{"loc":{"start":{"line":32,"column":11},"end":{"line":45,"column":null}},"type":"cond-expr","locations":[{"start":{"line":33,"column":12},"end":{"line":40,"column":13}},{"start":{"line":40,"column":12},"end":{"line":45,"column":null}}],"line":32},"2":{"loc":{"start":{"line":49,"column":9},"end":{"line":49,"column":null}},"type":"binary-expr","locations":[{"start":{"line":49,"column":9},"end":{"line":49,"column":26}},{"start":{"line":49,"column":26},"end":{"line":49,"column":null}}],"line":49},"3":{"loc":{"start":{"line":104,"column":7},"end":{"line":104,"column":null}},"type":"binary-expr","locations":[{"start":{"line":104,"column":7},"end":{"line":104,"column":24}},{"start":{"line":104,"column":24},"end":{"line":104,"column":null}}],"line":104}},"s":{"0":1,"1":103,"2":103,"3":46,"4":6,"5":1,"6":57,"7":2,"8":2,"9":57},"f":{"0":103,"1":6,"2":1,"3":2},"b":{"0":[46,57],"1":[39,7],"2":[46,4],"3":[57,57]},"meta":{"lastBranch":4,"lastFunction":4,"lastStatement":10,"seen":{"s:7:6:104:Infinity":0,"f:7:6:7:28":0,"s:16:44:17:19":1,"b:20:2:49:Infinity:undefined:undefined:undefined:undefined":0,"s:20:2:49:Infinity":2,"s:21:4:49:Infinity":3,"b:33:12:40:13:40:12:45:Infinity":1,"f:37:14:37:34":1,"s:37:34:37:Infinity":4,"f:44:14:44:34":2,"s:44:34:44:Infinity":5,"b:49:9:49:26:49:26:49:Infinity":2,"s:54:8:56:Infinity":6,"f:54:8:54:22":3,"s:55:4:55:Infinity":7,"s:56:4:56:Infinity":8,"s:59:2:104:Infinity":9,"b:104:7:104:24:104:24:104:Infinity":3}}}
,"/Users/m1pro2021/mhmdiamd/kuliah/semester7/tugas-testing-qa/src/components/atoms/index.tsx": {"path":"/Users/m1pro2021/mhmdiamd/kuliah/semester7/tugas-testing-qa/src/components/atoms/index.tsx","statementMap":{"0":{"start":{"line":3,"column":13},"end":{"line":8,"column":null}},"1":{"start":{"line":4,"column":2},"end":{"line":8,"column":null}},"2":{"start":{"line":11,"column":13},"end":{"line":14,"column":null}},"3":{"start":{"line":12,"column":2},"end":{"line":14,"column":null}},"4":{"start":{"line":17,"column":13},"end":{"line":18,"column":null}},"5":{"start":{"line":18,"column":2},"end":{"line":18,"column":null}}},"fnMap":{"0":{"name":"(anonymous_0)","decl":{"start":{"line":3,"column":13},"end":{"line":3,"column":70}},"loc":{"start":{"line":4,"column":2},"end":{"line":8,"column":null}},"line":4},"1":{"name":"(anonymous_1)","decl":{"start":{"line":11,"column":13},"end":{"line":11,"column":77}},"loc":{"start":{"line":12,"column":2},"end":{"line":14,"column":null}},"line":12},"2":{"name":"(anonymous_2)","decl":{"start":{"line":17,"column":13},"end":{"line":17,"column":54}},"loc":{"start":{"line":18,"column":2},"end":{"line":18,"column":null}},"line":18}},"branchMap":{"0":{"loc":{"start":{"line":5,"column":29},"end":{"line":5,"column":null}},"type":"cond-expr","locations":[{"start":{"line":5,"column":38},"end":{"line":5,"column":49}},{"start":{"line":5,"column":49},"end":{"line":5,"column":null}}],"line":5}},"s":{"0":1,"1":61,"2":1,"3":118,"4":1,"5":206},"f":{"0":61,"1":118,"2":206},"b":{"0":[0,61]},"meta":{"lastBranch":1,"lastFunction":3,"lastStatement":6,"seen":{"s:3:13:8:Infinity":0,"f:3:13:3:70":0,"s:4:2:8:Infinity":1,"b:5:38:5:49:5:49:5:Infinity":0,"s:11:13:14:Infinity":2,"f:11:13:11:77":1,"s:12:2:14:Infinity":3,"s:17:13:18:Infinity":4,"f:17:13:17:54":2,"s:18:2:18:Infinity":5}}}
,"/Users/m1pro2021/mhmdiamd/kuliah/semester7/tugas-testing-qa/src/components/molecules/index.tsx": {"path":"/Users/m1pro2021/mhmdiamd/kuliah/semester7/tugas-testing-qa/src/components/molecules/index.tsx","statementMap":{"0":{"start":{"line":4,"column":13},"end":{"line":7,"column":null}},"1":{"start":{"line":5,"column":2},"end":{"line":7,"column":null}},"2":{"start":{"line":11,"column":13},"end":{"line":17,"column":null}},"3":{"start":{"line":12,"column":2},"end":{"line":17,"column":null}}},"fnMap":{"0":{"name":"(anonymous_0)","decl":{"start":{"line":4,"column":13},"end":{"line":4,"column":98}},"loc":{"start":{"line":5,"column":2},"end":{"line":7,"column":null}},"line":5},"1":{"name":"(anonymous_1)","decl":{"start":{"line":11,"column":13},"end":{"line":11,"column":54}},"loc":{"start":{"line":12,"column":2},"end":{"line":17,"column":null}},"line":12}},"branchMap":{"0":{"loc":{"start":{"line":5,"column":31},"end":{"line":5,"column":null}},"type":"binary-expr","locations":[{"start":{"line":5,"column":31},"end":{"line":5,"column":42}},{"start":{"line":5,"column":42},"end":{"line":5,"column":null}}],"line":5}},"s":{"0":1,"1":171,"2":1,"3":57},"f":{"0":171,"1":57},"b":{"0":[171,57]},"meta":{"lastBranch":1,"lastFunction":2,"lastStatement":4,"seen":{"s:4:13:7:Infinity":0,"f:4:13:4:98":0,"s:5:2:7:Infinity":1,"b:5:31:5:42:5:42:5:Infinity":0,"s:11:13:17:Infinity":2,"f:11:13:11:54":1,"s:12:2:17:Infinity":3}}}
,"/Users/m1pro2021/mhmdiamd/kuliah/semester7/tugas-testing-qa/src/components/organisms/ForgotPasswordForm.tsx": {"path":"/Users/m1pro2021/mhmdiamd/kuliah/semester7/tugas-testing-qa/src/components/organisms/ForgotPasswordForm.tsx","statementMap":{"0":{"start":{"line":7,"column":29},"end":{"line":11,"column":2}},"1":{"start":{"line":22,"column":13},"end":{"line":87,"column":null}},"2":{"start":{"line":23,"column":57},"end":{"line":25,"column":4}},"3":{"start":{"line":27,"column":8},"end":{"line":38,"column":null}},"4":{"start":{"line":28,"column":22},"end":{"line":28,"column":132}},"5":{"start":{"line":28,"column":43},"end":{"line":28,"column":131}},"6":{"start":{"line":30,"column":4},"end":{"line":38,"column":null}},"7":{"start":{"line":31,"column":27},"end":{"line":31,"column":37}},"8":{"start":{"line":32,"column":6},"end":{"line":32,"column":null}},"9":{"start":{"line":33,"column":6},"end":{"line":33,"column":null}},"10":{"start":{"line":34,"column":6},"end":{"line":34,"column":null}},"11":{"start":{"line":35,"column":6},"end":{"line":35,"column":null}},"12":{"start":{"line":36,"column":6},"end":{"line":36,"column":null}},"13":{"start":{"line":38,"column":6},"end":{"line":38,"column":null}},"14":{"start":{"line":42,"column":2},"end":{"line":87,"column":null}}},"fnMap":{"0":{"name":"(anonymous_0)","decl":{"start":{"line":22,"column":13},"end":{"line":22,"column":52}},"loc":{"start":{"line":22,"column":103},"end":{"line":87,"column":null}},"line":22},"1":{"name":"(anonymous_1)","decl":{"start":{"line":27,"column":8},"end":{"line":27,"column":20}},"loc":{"start":{"line":27,"column":55},"end":{"line":38,"column":null}},"line":27},"2":{"name":"(anonymous_2)","decl":{"start":{"line":28,"column":28},"end":{"line":28,"column":38}},"loc":{"start":{"line":28,"column":43},"end":{"line":28,"column":131}},"line":28}},"branchMap":{"0":{"loc":{"start":{"line":28,"column":43},"end":{"line":28,"column":131}},"type":"binary-expr","locations":[{"start":{"line":28,"column":43},"end":{"line":28,"column":75}},{"start":{"line":28,"column":75},"end":{"line":28,"column":131}}],"line":28},"1":{"loc":{"start":{"line":30,"column":4},"end":{"line":38,"column":null}},"type":"if","locations":[{"start":{"line":30,"column":4},"end":{"line":38,"column":null}},{"start":{"line":37,"column":11},"end":{"line":38,"column":null}}],"line":30},"2":{"loc":{"start":{"line":55,"column":39},"end":{"line":55,"column":null}},"type":"cond-expr","locations":[{"start":{"line":55,"column":57},"end":{"line":55,"column":72}},{"start":{"line":55,"column":72},"end":{"line":55,"column":null}}],"line":55},"3":{"loc":{"start":{"line":58,"column":11},"end":{"line":58,"column":null}},"type":"binary-expr","locations":[{"start":{"line":58,"column":11},"end":{"line":58,"column":30}},{"start":{"line":58,"column":30},"end":{"line":58,"column":null}}],"line":58},"4":{"loc":{"start":{"line":66,"column":39},"end":{"line":66,"column":null}},"type":"cond-expr","locations":[{"start":{"line":66,"column":57},"end":{"line":66,"column":72}},{"start":{"line":66,"column":72},"end":{"line":66,"column":null}}],"line":66},"5":{"loc":{"start":{"line":69,"column":11},"end":{"line":69,"column":null}},"type":"binary-expr","locations":[{"start":{"line":69,"column":11},"end":{"line":69,"column":30}},{"start":{"line":69,"column":30},"end":{"line":69,"column":null}}],"line":69},"6":{"loc":{"start":{"line":77,"column":39},"end":{"line":77,"column":null}},"type":"cond-expr","locations":[{"start":{"line":77,"column":60},"end":{"line":77,"column":75}},{"start":{"line":77,"column":75},"end":{"line":77,"column":null}}],"line":77},"7":{"loc":{"start":{"line":80,"column":11},"end":{"line":80,"column":null}},"type":"binary-expr","locations":[{"start":{"line":80,"column":11},"end":{"line":80,"column":33}},{"start":{"line":80,"column":33},"end":{"line":80,"column":null}}],"line":80}},"s":{"0":1,"1":1,"2":16,"3":16,"4":1,"5":1,"6":1,"7":0,"8":0,"9":0,"10":0,"11":0,"12":0,"13":1,"14":16},"f":{"0":16,"1":1,"2":1},"b":{"0":[1,0],"1":[0,1],"2":[3,13],"3":[16,3],"4":[3,13],"5":[16,3],"6":[3,13],"7":[16,3]},"meta":{"lastBranch":8,"lastFunction":3,"lastStatement":15,"seen":{"s:7:29:11:2":0,"s:22:13:87:Infinity":1,"f:22:13:22:52":0,"s:23:57:25:4":2,"s:27:8:38:Infinity":3,"f:27:8:27:20":1,"s:28:22:28:132":4,"f:28:28:28:38":2,"s:28:43:28:131":5,"b:28:43:28:75:28:75:28:131":0,"b:30:4:38:Infinity:37:11:38:Infinity":1,"s:30:4:38:Infinity":6,"s:31:27:31:37":7,"s:32:6:32:Infinity":8,"s:33:6:33:Infinity":9,"s:34:6:34:Infinity":10,"s:35:6:35:Infinity":11,"s:36:6:36:Infinity":12,"s:38:6:38:Infinity":13,"s:42:2:87:Infinity":14,"b:55:57:55:72:55:72:55:Infinity":2,"b:58:11:58:30:58:30:58:Infinity":3,"b:66:57:66:72:66:72:66:Infinity":4,"b:69:11:69:30:69:30:69:Infinity":5,"b:77:60:77:75:77:75:77:Infinity":6,"b:80:11:80:33:80:33:80:Infinity":7}}}
,"/Users/m1pro2021/mhmdiamd/kuliah/semester7/tugas-testing-qa/src/components/organisms/LoginForm.tsx": {"path":"/Users/m1pro2021/mhmdiamd/kuliah/semester7/tugas-testing-qa/src/components/organisms/LoginForm.tsx","statementMap":{"0":{"start":{"line":7,"column":20},"end":{"line":10,"column":2}},"1":{"start":{"line":21,"column":13},"end":{"line":69,"column":null}},"2":{"start":{"line":22,"column":57},"end":{"line":24,"column":4}},"3":{"start":{"line":26,"column":8},"end":{"line":33,"column":null}},"4":{"start":{"line":27,"column":17},"end":{"line":27,"column":94}},"5":{"start":{"line":27,"column":33},"end":{"line":27,"column":94}},"6":{"start":{"line":28,"column":4},"end":{"line":33,"column":null}},"7":{"start":{"line":29,"column":6},"end":{"line":29,"column":null}},"8":{"start":{"line":30,"column":6},"end":{"line":30,"column":null}},"9":{"start":{"line":31,"column":6},"end":{"line":31,"column":null}},"10":{"start":{"line":33,"column":6},"end":{"line":33,"column":null}},"11":{"start":{"line":37,"column":2},"end":{"line":69,"column":null}}},"fnMap":{"0":{"name":"(anonymous_0)","decl":{"start":{"line":21,"column":13},"end":{"line":21,"column":43}},"loc":{"start":{"line":21,"column":95},"end":{"line":69,"column":null}},"line":21},"1":{"name":"(anonymous_1)","decl":{"start":{"line":26,"column":8},"end":{"line":26,"column":20}},"loc":{"start":{"line":26,"column":46},"end":{"line":33,"column":null}},"line":26},"2":{"name":"(anonymous_2)","decl":{"start":{"line":27,"column":23},"end":{"line":27,"column":28}},"loc":{"start":{"line":27,"column":33},"end":{"line":27,"column":94}},"line":27}},"branchMap":{"0":{"loc":{"start":{"line":27,"column":33},"end":{"line":27,"column":94}},"type":"binary-expr","locations":[{"start":{"line":27,"column":33},"end":{"line":27,"column":65}},{"start":{"line":27,"column":65},"end":{"line":27,"column":94}}],"line":27},"1":{"loc":{"start":{"line":28,"column":4},"end":{"line":33,"column":null}},"type":"if","locations":[{"start":{"line":28,"column":4},"end":{"line":33,"column":null}},{"start":{"line":32,"column":11},"end":{"line":33,"column":null}}],"line":28},"2":{"loc":{"start":{"line":50,"column":39},"end":{"line":50,"column":null}},"type":"cond-expr","locations":[{"start":{"line":50,"column":57},"end":{"line":50,"column":72}},{"start":{"line":50,"column":72},"end":{"line":50,"column":null}}],"line":50},"3":{"loc":{"start":{"line":52,"column":11},"end":{"line":52,"column":null}},"type":"binary-expr","locations":[{"start":{"line":52,"column":11},"end":{"line":52,"column":30}},{"start":{"line":52,"column":30},"end":{"line":52,"column":null}}],"line":52},"4":{"loc":{"start":{"line":60,"column":39},"end":{"line":60,"column":null}},"type":"cond-expr","locations":[{"start":{"line":60,"column":57},"end":{"line":60,"column":72}},{"start":{"line":60,"column":72},"end":{"line":60,"column":null}}],"line":60},"5":{"loc":{"start":{"line":62,"column":11},"end":{"line":62,"column":null}},"type":"binary-expr","locations":[{"start":{"line":62,"column":11},"end":{"line":62,"column":30}},{"start":{"line":62,"column":30},"end":{"line":62,"column":null}}],"line":62}},"s":{"0":1,"1":1,"2":80,"3":80,"4":24,"5":24,"6":24,"7":22,"8":22,"9":22,"10":2,"11":80},"f":{"0":80,"1":24,"2":24},"b":{"0":[24,23],"1":[22,2],"2":[2,78],"3":[80,2],"4":[4,76],"5":[80,4]},"meta":{"lastBranch":6,"lastFunction":3,"lastStatement":12,"seen":{"s:7:20:10:2":0,"s:21:13:69:Infinity":1,"f:21:13:21:43":0,"s:22:57:24:4":2,"s:26:8:33:Infinity":3,"f:26:8:26:20":1,"s:27:17:27:94":4,"f:27:23:27:28":2,"s:27:33:27:94":5,"b:27:33:27:65:27:65:27:94":0,"b:28:4:33:Infinity:32:11:33:Infinity":1,"s:28:4:33:Infinity":6,"s:29:6:29:Infinity":7,"s:30:6:30:Infinity":8,"s:31:6:31:Infinity":9,"s:33:6:33:Infinity":10,"s:37:2:69:Infinity":11,"b:50:57:50:72:50:72:50:Infinity":2,"b:52:11:52:30:52:30:52:Infinity":3,"b:60:57:60:72:60:72:60:Infinity":4,"b:62:11:62:30:62:30:62:Infinity":5}}}
,"/Users/m1pro2021/mhmdiamd/kuliah/semester7/tugas-testing-qa/src/components/organisms/NavBar.tsx": {"path":"/Users/m1pro2021/mhmdiamd/kuliah/semester7/tugas-testing-qa/src/components/organisms/NavBar.tsx","statementMap":{"0":{"start":{"line":10,"column":13},"end":{"line":13,"column":null}},"1":{"start":{"line":11,"column":2},"end":{"line":13,"column":null}}},"fnMap":{"0":{"name":"(anonymous_0)","decl":{"start":{"line":10,"column":13},"end":{"line":10,"column":40}},"loc":{"start":{"line":11,"column":2},"end":{"line":13,"column":null}},"line":11}},"branchMap":{},"s":{"0":1,"1":57},"f":{"0":57},"b":{},"meta":{"lastBranch":0,"lastFunction":1,"lastStatement":2,"seen":{"s:10:13:13:Infinity":0,"f:10:13:10:40":0,"s:11:2:13:Infinity":1}}}
,"/Users/m1pro2021/mhmdiamd/kuliah/semester7/tugas-testing-qa/src/components/organisms/StatsGrid.tsx": {"path":"/Users/m1pro2021/mhmdiamd/kuliah/semester7/tugas-testing-qa/src/components/organisms/StatsGrid.tsx","statementMap":{"0":{"start":{"line":10,"column":13},"end":{"line":14,"column":null}},"1":{"start":{"line":11,"column":2},"end":{"line":14,"column":null}}},"fnMap":{"0":{"name":"(anonymous_0)","decl":{"start":{"line":10,"column":13},"end":{"line":10,"column":43}},"loc":{"start":{"line":11,"column":2},"end":{"line":14,"column":null}},"line":11}},"branchMap":{},"s":{"0":1,"1":57},"f":{"0":57},"b":{},"meta":{"lastBranch":0,"lastFunction":1,"lastStatement":2,"seen":{"s:10:13:14:Infinity":0,"f:10:13:10:43":0,"s:11:2:14:Infinity":1}}}
,"/Users/m1pro2021/mhmdiamd/kuliah/semester7/tugas-testing-qa/src/components/organisms/StudentForm.tsx": {"path":"/Users/m1pro2021/mhmdiamd/kuliah/semester7/tugas-testing-qa/src/components/organisms/StudentForm.tsx","statementMap":{"0":{"start":{"line":9,"column":22},"end":{"line":22,"column":2}},"1":{"start":{"line":36,"column":13},"end":{"line":255,"column":null}},"2":{"start":{"line":39,"column":61},"end":{"line":51,"column":4}},"3":{"start":{"line":53,"column":30},"end":{"line":53,"column":51}},"4":{"start":{"line":54,"column":30},"end":{"line":54,"column":51}},"5":{"start":{"line":55,"column":31},"end":{"line":55,"column":53}},"6":{"start":{"line":57,"column":2},"end":{"line":63,"column":null}},"7":{"start":{"line":58,"column":4},"end":{"line":61,"column":null}},"8":{"start":{"line":59,"column":23},"end":{"line":59,"column":60}},"9":{"start":{"line":60,"column":19},"end":{"line":60,"column":null}},"10":{"start":{"line":61,"column":6},"end":{"line":61,"column":null}},"11":{"start":{"line":65,"column":2},"end":{"line":89,"column":null}},"12":{"start":{"line":66,"column":4},"end":{"line":86,"column":null}},"13":{"start":{"line":67,"column":22},"end":{"line":67,"column":60}},"14":{"start":{"line":67,"column":41},"end":{"line":67,"column":60}},"15":{"start":{"line":68,"column":6},"end":{"line":86,"column":null}},"16":{"start":{"line":69,"column":21},"end":{"line":69,"column":null}},"17":{"start":{"line":69,"column":53},"end":{"line":69,"column":87}},"18":{"start":{"line":70,"column":21},"end":{"line":70,"column":64}},"19":{"start":{"line":71,"column":23},"end":{"line":71,"column":null}},"20":{"start":{"line":73,"column":8},"end":{"line":86,"column":null}},"21":{"start":{"line":91,"column":8},"end":{"line":140,"column":null}},"22":{"start":{"line":92,"column":22},"end":{"line":95,"column":null}},"23":{"start":{"line":98,"column":4},"end":{"line":138,"column":null}},"24":{"start":{"line":99,"column":6},"end":{"line":115,"column":null}},"25":{"start":{"line":99,"column":26},"end":{"line":115,"column":12}},"26":{"start":{"line":99,"column":40},"end":{"line":115,"column":12}},"27":{"start":{"line":116,"column":6},"end":{"line":116,"column":null}},"28":{"start":{"line":117,"column":6},"end":{"line":117,"column":null}},"29":{"start":{"line":119,"column":34},"end":{"line":136,"column":null}},"30":{"start":{"line":137,"column":6},"end":{"line":137,"column":null}},"31":{"start":{"line":137,"column":26},"end":{"line":137,"column":47}},"32":{"start":{"line":138,"column":6},"end":{"line":138,"column":null}},"33":{"start":{"line":140,"column":4},"end":{"line":140,"column":null}},"34":{"start":{"line":143,"column":2},"end":{"line":255,"column":null}},"35":{"start":{"line":200,"column":29},"end":{"line":200,"column":null}},"36":{"start":{"line":227,"column":36},"end":{"line":227,"column":null}},"37":{"start":{"line":255,"column":79},"end":{"line":255,"column":99}},"38":{"start":{"line":255,"column":99},"end":{"line":255,"column":111}}},"fnMap":{"0":{"name":"(anonymous_0)","decl":{"start":{"line":36,"column":13},"end":{"line":36,"column":45}},"loc":{"start":{"line":38,"column":6},"end":{"line":255,"column":null}},"line":38},"1":{"name":"(anonymous_1)","decl":{"start":{"line":57,"column":2},"end":{"line":57,"column":18}},"loc":{"start":{"line":57,"column":18},"end":{"line":63,"column":6}},"line":57},"2":{"name":"(anonymous_2)","decl":{"start":{"line":65,"column":2},"end":{"line":65,"column":18}},"loc":{"start":{"line":65,"column":18},"end":{"line":89,"column":6}},"line":65},"3":{"name":"(anonymous_3)","decl":{"start":{"line":67,"column":31},"end":{"line":67,"column":36}},"loc":{"start":{"line":67,"column":41},"end":{"line":67,"column":60}},"line":67},"4":{"name":"(anonymous_4)","decl":{"start":{"line":69,"column":41},"end":{"line":69,"column":46}},"loc":{"start":{"line":69,"column":53},"end":{"line":69,"column":87}},"line":69},"5":{"name":"(anonymous_5)","decl":{"start":{"line":91,"column":8},"end":{"line":91,"column":20}},"loc":{"start":{"line":91,"column":48},"end":{"line":140,"column":null}},"line":91},"6":{"name":"(anonymous_6)","decl":{"start":{"line":99,"column":6},"end":{"line":99,"column":18}},"loc":{"start":{"line":99,"column":26},"end":{"line":115,"column":12}},"line":99},"7":{"name":"(anonymous_7)","decl":{"start":{"line":99,"column":31},"end":{"line":99,"column":35}},"loc":{"start":{"line":99,"column":40},"end":{"line":115,"column":12}},"line":99},"8":{"name":"(anonymous_8)","decl":{"start":{"line":137,"column":6},"end":{"line":137,"column":18}},"loc":{"start":{"line":137,"column":26},"end":{"line":137,"column":47}},"line":137},"9":{"name":"(anonymous_9)","decl":{"start":{"line":200,"column":18},"end":{"line":200,"column":22}},"loc":{"start":{"line":200,"column":29},"end":{"line":200,"column":null}},"line":200},"10":{"name":"(anonymous_10)","decl":{"start":{"line":227,"column":22},"end":{"line":227,"column":27}},"loc":{"start":{"line":227,"column":36},"end":{"line":227,"column":null}},"line":227},"11":{"name":"(anonymous_11)","decl":{"start":{"line":255,"column":62},"end":{"line":255,"column":77}},"loc":{"start":{"line":255,"column":77},"end":{"line":255,"column":111}},"line":255}},"branchMap":{"0":{"loc":{"start":{"line":58,"column":4},"end":{"line":61,"column":null}},"type":"if","locations":[{"start":{"line":58,"column":4},"end":{"line":61,"column":null}},{"start":{},"end":{}}],"line":58},"1":{"loc":{"start":{"line":66,"column":4},"end":{"line":86,"column":null}},"type":"if","locations":[{"start":{"line":66,"column":4},"end":{"line":86,"column":null}},{"start":{},"end":{}}],"line":66},"2":{"loc":{"start":{"line":68,"column":6},"end":{"line":86,"column":null}},"type":"if","locations":[{"start":{"line":68,"column":6},"end":{"line":86,"column":null}},{"start":{},"end":{}}],"line":68},"3":{"loc":{"start":{"line":69,"column":21},"end":{"line":69,"column":null}},"type":"binary-expr","locations":[{"start":{"line":69,"column":21},"end":{"line":69,"column":87}},{"start":{"line":69,"column":91},"end":{"line":69,"column":null}}],"line":69},"4":{"loc":{"start":{"line":98,"column":4},"end":{"line":138,"column":null}},"type":"if","locations":[{"start":{"line":98,"column":4},"end":{"line":138,"column":null}},{"start":{"line":118,"column":11},"end":{"line":138,"column":null}}],"line":98},"5":{"loc":{"start":{"line":99,"column":40},"end":{"line":115,"column":12}},"type":"cond-expr","locations":[{"start":{"line":99,"column":61},"end":{"line":115,"column":10}},{"start":{"line":115,"column":10},"end":{"line":115,"column":12}}],"line":99},"6":{"loc":{"start":{"line":146,"column":58},"end":{"line":146,"column":102}},"type":"cond-expr","locations":[{"start":{"line":146,"column":70},"end":{"line":146,"column":84}},{"start":{"line":146,"column":84},"end":{"line":146,"column":102}}],"line":146},"7":{"loc":{"start":{"line":148,"column":11},"end":{"line":148,"column":null}},"type":"cond-expr","locations":[{"start":{"line":148,"column":23},"end":{"line":148,"column":35}},{"start":{"line":148,"column":35},"end":{"line":148,"column":null}}],"line":148},"8":{"loc":{"start":{"line":159,"column":39},"end":{"line":159,"column":null}},"type":"cond-expr","locations":[{"start":{"line":159,"column":64},"end":{"line":159,"column":79}},{"start":{"line":159,"column":79},"end":{"line":159,"column":null}}],"line":159},"9":{"loc":{"start":{"line":161,"column":11},"end":{"line":161,"column":null}},"type":"binary-expr","locations":[{"start":{"line":161,"column":11},"end":{"line":161,"column":37}},{"start":{"line":161,"column":37},"end":{"line":161,"column":null}}],"line":161},"10":{"loc":{"start":{"line":178,"column":41},"end":{"line":178,"column":null}},"type":"cond-expr","locations":[{"start":{"line":178,"column":62},"end":{"line":178,"column":77}},{"start":{"line":178,"column":77},"end":{"line":178,"column":null}}],"line":178},"11":{"loc":{"start":{"line":180,"column":13},"end":{"line":180,"column":null}},"type":"binary-expr","locations":[{"start":{"line":180,"column":13},"end":{"line":180,"column":35}},{"start":{"line":180,"column":35},"end":{"line":180,"column":null}}],"line":180},"12":{"loc":{"start":{"line":187,"column":104},"end":{"line":187,"column":148}},"type":"cond-expr","locations":[{"start":{"line":187,"column":125},"end":{"line":187,"column":140}},{"start":{"line":187,"column":140},"end":{"line":187,"column":148}}],"line":187},"13":{"loc":{"start":{"line":188,"column":13},"end":{"line":188,"column":null}},"type":"binary-expr","locations":[{"start":{"line":188,"column":13},"end":{"line":188,"column":35}},{"start":{"line":188,"column":35},"end":{"line":188,"column":null}}],"line":188},"14":{"loc":{"start":{"line":192,"column":106},"end":{"line":192,"column":151}},"type":"cond-expr","locations":[{"start":{"line":192,"column":128},"end":{"line":192,"column":143}},{"start":{"line":192,"column":143},"end":{"line":192,"column":151}}],"line":192},"15":{"loc":{"start":{"line":193,"column":13},"end":{"line":193,"column":null}},"type":"binary-expr","locations":[{"start":{"line":193,"column":13},"end":{"line":193,"column":36}},{"start":{"line":193,"column":36},"end":{"line":193,"column":null}}],"line":193},"16":{"loc":{"start":{"line":254,"column":61},"end":{"line":254,"column":102}},"type":"cond-expr","locations":[{"start":{"line":254,"column":73},"end":{"line":254,"column":84}},{"start":{"line":254,"column":84},"end":{"line":254,"column":102}}],"line":254}},"s":{"0":1,"1":1,"2":63,"3":63,"4":63,"5":63,"6":63,"7":27,"8":25,"9":25,"10":25,"11":63,"12":32,"13":2,"14":2,"15":2,"16":2,"17":2,"18":2,"19":2,"20":2,"21":63,"22":6,"23":6,"24":1,"25":1,"26":2,"27":1,"28":1,"29":5,"30":5,"31":5,"32":5,"33":6,"34":63,"35":378,"36":756,"37":1,"38":1},"f":{"0":63,"1":27,"2":32,"3":2,"4":2,"5":6,"6":1,"7":2,"8":5,"9":378,"10":756,"11":1},"b":{"0":[25,2],"1":[2,30],"2":[2,0],"3":[2,0],"4":[1,5],"5":[1,1],"6":[4,59],"7":[4,59],"8":[3,60],"9":[63,3],"10":[3,60],"11":[63,3],"12":[3,60],"13":[63,3],"14":[3,60],"15":[63,3],"16":[4,59]},"meta":{"lastBranch":17,"lastFunction":12,"lastStatement":39,"seen":{"s:9:22:22:2":0,"s:36:13:255:Infinity":1,"f:36:13:36:45":0,"s:39:61:51:4":2,"s:53:30:53:51":3,"s:54:30:54:51":4,"s:55:31:55:53":5,"s:57:2:63:Infinity":6,"f:57:2:57:18":1,"b:58:4:61:Infinity:undefined:undefined:undefined:undefined":0,"s:58:4:61:Infinity":7,"s:59:23:59:60":8,"s:60:19:60:Infinity":9,"s:61:6:61:Infinity":10,"s:65:2:89:Infinity":11,"f:65:2:65:18":2,"b:66:4:86:Infinity:undefined:undefined:undefined:undefined":1,"s:66:4:86:Infinity":12,"s:67:22:67:60":13,"f:67:31:67:36":3,"s:67:41:67:60":14,"b:68:6:86:Infinity:undefined:undefined:undefined:undefined":2,"s:68:6:86:Infinity":15,"s:69:21:69:Infinity":16,"b:69:21:69:87:69:91:69:Infinity":3,"f:69:41:69:46":4,"s:69:53:69:87":17,"s:70:21:70:64":18,"s:71:23:71:Infinity":19,"s:73:8:86:Infinity":20,"s:91:8:140:Infinity":21,"f:91:8:91:20":5,"s:92:22:95:Infinity":22,"b:98:4:138:Infinity:118:11:138:Infinity":4,"s:98:4:138:Infinity":23,"s:99:6:115:Infinity":24,"f:99:6:99:18":6,"s:99:26:115:12":25,"f:99:31:99:35":7,"s:99:40:115:12":26,"b:99:61:115:10:115:10:115:12":5,"s:116:6:116:Infinity":27,"s:117:6:117:Infinity":28,"s:119:34:136:Infinity":29,"s:137:6:137:Infinity":30,"f:137:6:137:18":8,"s:137:26:137:47":31,"s:138:6:138:Infinity":32,"s:140:4:140:Infinity":33,"s:143:2:255:Infinity":34,"b:146:70:146:84:146:84:146:102":6,"b:148:23:148:35:148:35:148:Infinity":7,"b:159:64:159:79:159:79:159:Infinity":8,"b:161:11:161:37:161:37:161:Infinity":9,"b:178:62:178:77:178:77:178:Infinity":10,"b:180:13:180:35:180:35:180:Infinity":11,"b:187:125:187:140:187:140:187:148":12,"b:188:13:188:35:188:35:188:Infinity":13,"b:192:128:192:143:192:143:192:151":14,"b:193:13:193:36:193:36:193:Infinity":15,"f:200:18:200:22":9,"s:200:29:200:Infinity":35,"f:227:22:227:27":10,"s:227:36:227:Infinity":36,"b:254:73:254:84:254:84:254:102":16,"f:255:62:255:77":11,"s:255:79:255:99":37,"s:255:99:255:111":38}}}
,"/Users/m1pro2021/mhmdiamd/kuliah/semester7/tugas-testing-qa/src/components/organisms/StudentTable.tsx": {"path":"/Users/m1pro2021/mhmdiamd/kuliah/semester7/tugas-testing-qa/src/components/organisms/StudentTable.tsx","statementMap":{"0":{"start":{"line":11,"column":13},"end":{"line":68,"column":null}},"1":{"start":{"line":12,"column":2},"end":{"line":68,"column":null}},"2":{"start":{"line":38,"column":16},"end":{"line":63,"column":null}},"3":{"start":{"line":55,"column":80},"end":{"line":55,"column":89}},"4":{"start":{"line":58,"column":82},"end":{"line":58,"column":96}}},"fnMap":{"0":{"name":"(anonymous_0)","decl":{"start":{"line":11,"column":13},"end":{"line":11,"column":46}},"loc":{"start":{"line":11,"column":81},"end":{"line":68,"column":null}},"line":11},"1":{"name":"(anonymous_1)","decl":{"start":{"line":37,"column":23},"end":{"line":37,"column":27}},"loc":{"start":{"line":38,"column":16},"end":{"line":63,"column":null}},"line":38},"2":{"name":"(anonymous_2)","decl":{"start":{"line":55,"column":65},"end":{"line":55,"column":80}},"loc":{"start":{"line":55,"column":80},"end":{"line":55,"column":89}},"line":55},"3":{"name":"(anonymous_3)","decl":{"start":{"line":58,"column":67},"end":{"line":58,"column":82}},"loc":{"start":{"line":58,"column":82},"end":{"line":58,"column":96}},"line":58}},"branchMap":{"0":{"loc":{"start":{"line":32,"column":13},"end":{"line":63,"column":null}},"type":"cond-expr","locations":[{"start":{"line":33,"column":14},"end":{"line":37,"column":23}},{"start":{"line":37,"column":14},"end":{"line":63,"column":null}}],"line":32}},"s":{"0":1,"1":57,"2":118,"3":2,"4":2},"f":{"0":57,"1":118,"2":2,"3":2},"b":{"0":[0,57]},"meta":{"lastBranch":1,"lastFunction":4,"lastStatement":5,"seen":{"s:11:13:68:Infinity":0,"f:11:13:11:46":0,"s:12:2:68:Infinity":1,"b:33:14:37:23:37:14:63:Infinity":0,"f:37:23:37:27":1,"s:38:16:63:Infinity":2,"f:55:65:55:80":2,"s:55:80:55:89":3,"f:58:67:58:82":3,"s:58:82:58:96":4}}}
,"/Users/m1pro2021/mhmdiamd/kuliah/semester7/tugas-testing-qa/src/components/organisms/index.tsx": {"path":"/Users/m1pro2021/mhmdiamd/kuliah/semester7/tugas-testing-qa/src/components/organisms/index.tsx","statementMap":{},"fnMap":{},"branchMap":{},"s":{},"f":{},"b":{},"meta":{"lastBranch":0,"lastFunction":0,"lastStatement":0,"seen":{}}}
,"/Users/m1pro2021/mhmdiamd/kuliah/semester7/tugas-testing-qa/src/constants/index.ts": {"path":"/Users/m1pro2021/mhmdiamd/kuliah/semester7/tugas-testing-qa/src/constants/index.ts","statementMap":{"0":{"start":{"line":1,"column":22},"end":{"line":4,"column":null}},"1":{"start":{"line":6,"column":46},"end":{"line":10,"column":null}},"2":{"start":{"line":12,"column":20},"end":{"line":14,"column":null}}},"fnMap":{},"branchMap":{},"s":{"0":1,"1":1,"2":1},"f":{},"b":{},"meta":{"lastBranch":0,"lastFunction":0,"lastStatement":3,"seen":{"s:1:22:4:Infinity":0,"s:6:46:10:Infinity":1,"s:12:20:14:Infinity":2}}}
,"/Users/m1pro2021/mhmdiamd/kuliah/semester7/tugas-testing-qa/src/hooks/useAppLogic.ts": {"path":"/Users/m1pro2021/mhmdiamd/kuliah/semester7/tugas-testing-qa/src/hooks/useAppLogic.ts","statementMap":{"0":{"start":{"line":4,"column":13},"end":{"line":135,"column":null}},"1":{"start":{"line":6,"column":22},"end":{"line":9,"column":null}},"2":{"start":{"line":7,"column":18},"end":{"line":7,"column":54}},"3":{"start":{"line":8,"column":4},"end":{"line":8,"column":null}},"4":{"start":{"line":11,"column":16},"end":{"line":20,"column":null}},"5":{"start":{"line":12,"column":18},"end":{"line":12,"column":51}},"6":{"start":{"line":13,"column":4},"end":{"line":19,"column":null}},"7":{"start":{"line":22,"column":19},"end":{"line":22,"column":71}},"8":{"start":{"line":25,"column":19},"end":{"line":72,"column":null}},"9":{"start":{"line":26,"column":22},"end":{"line":26,"column":67}},"10":{"start":{"line":27,"column":4},"end":{"line":31,"column":null}},"11":{"start":{"line":28,"column":6},"end":{"line":31,"column":null}},"12":{"start":{"line":29,"column":8},"end":{"line":29,"column":null}},"13":{"start":{"line":31,"column":8},"end":{"line":31,"column":null}},"14":{"start":{"line":34,"column":4},"end":{"line":71,"column":null}},"15":{"start":{"line":74,"column":20},"end":{"line":74,"column":65}},"16":{"start":{"line":75,"column":24},"end":{"line":75,"column":56}},"17":{"start":{"line":76,"column":16},"end":{"line":80,"column":4}},"18":{"start":{"line":83,"column":2},"end":{"line":85,"column":null}},"19":{"start":{"line":84,"column":4},"end":{"line":84,"column":null}},"20":{"start":{"line":87,"column":2},"end":{"line":89,"column":null}},"21":{"start":{"line":88,"column":4},"end":{"line":88,"column":null}},"22":{"start":{"line":91,"column":2},"end":{"line":94,"column":null}},"23":{"start":{"line":92,"column":4},"end":{"line":93,"column":null}},"24":{"start":{"line":92,"column":21},"end":{"line":92,"column":null}},"25":{"start":{"line":93,"column":9},"end":{"line":93,"column":null}},"26":{"start":{"line":97,"column":8},"end":{"line":104,"column":null}},"27":{"start":{"line":98,"column":4},"end":{"line":98,"column":null}},"28":{"start":{"line":99,"column":4},"end":{"line":104,"column":null}},"29":{"start":{"line":100,"column":6},"end":{"line":100,"column":null}},"30":{"start":{"line":100,"column":24},"end":{"line":100,"column":51}},"31":{"start":{"line":101,"column":6},"end":{"line":103,"column":null}},"32":{"start":{"line":102,"column":8},"end":{"line":102,"column":null}},"33":{"start":{"line":107,"column":8},"end":{"line":109,"column":null}},"34":{"start":{"line":108,"column":4},"end":{"line":108,"column":null}},"35":{"start":{"line":109,"column":4},"end":{"line":109,"column":null}},"36":{"start":{"line":112,"column":8},"end":{"line":115,"column":null}},"37":{"start":{"line":113,"column":4},"end":{"line":115,"column":null}},"38":{"start":{"line":114,"column":6},"end":{"line":114,"column":null}},"39":{"start":{"line":114,"column":26},"end":{"line":114,"column":55}},"40":{"start":{"line":114,"column":43},"end":{"line":114,"column":55}},"41":{"start":{"line":115,"column":6},"end":{"line":115,"column":null}},"42":{"start":{"line":119,"column":8},"end":{"line":124,"column":16}},"43":{"start":{"line":120,"column":18},"end":{"line":120,"column":null}},"44":{"start":{"line":121,"column":18},"end":{"line":121,"column":null}},"45":{"start":{"line":121,"column":39},"end":{"line":121,"column":64}},"46":{"start":{"line":122,"column":23},"end":{"line":122,"column":null}},"47":{"start":{"line":122,"column":44},"end":{"line":122,"column":75}},"48":{"start":{"line":123,"column":4},"end":{"line":123,"column":null}},"49":{"start":{"line":126,"column":2},"end":{"line":135,"column":null}}},"fnMap":{"0":{"name":"(anonymous_0)","decl":{"start":{"line":4,"column":13},"end":{"line":4,"column":33}},"loc":{"start":{"line":4,"column":33},"end":{"line":135,"column":null}},"line":4},"1":{"name":"(anonymous_1)","decl":{"start":{"line":6,"column":40},"end":{"line":6,"column":68}},"loc":{"start":{"line":6,"column":68},"end":{"line":9,"column":null}},"line":6},"2":{"name":"(anonymous_2)","decl":{"start":{"line":11,"column":28},"end":{"line":11,"column":51}},"loc":{"start":{"line":11,"column":51},"end":{"line":20,"column":null}},"line":11},"3":{"name":"(anonymous_3)","decl":{"start":{"line":25,"column":34},"end":{"line":25,"column":60}},"loc":{"start":{"line":25,"column":60},"end":{"line":72,"column":null}},"line":25},"4":{"name":"(anonymous_4)","decl":{"start":{"line":83,"column":2},"end":{"line":83,"column":18}},"loc":{"start":{"line":83,"column":18},"end":{"line":85,"column":6}},"line":83},"5":{"name":"(anonymous_5)","decl":{"start":{"line":87,"column":2},"end":{"line":87,"column":18}},"loc":{"start":{"line":87,"column":18},"end":{"line":89,"column":6}},"line":87},"6":{"name":"(anonymous_6)","decl":{"start":{"line":91,"column":2},"end":{"line":91,"column":18}},"loc":{"start":{"line":91,"column":18},"end":{"line":94,"column":6}},"line":91},"7":{"name":"(anonymous_7)","decl":{"start":{"line":97,"column":8},"end":{"line":97,"column":21}},"loc":{"start":{"line":97,"column":41},"end":{"line":104,"column":null}},"line":97},"8":{"name":"(anonymous_8)","decl":{"start":{"line":99,"column":4},"end":{"line":99,"column":21}},"loc":{"start":{"line":99,"column":21},"end":{"line":104,"column":12}},"line":99},"9":{"name":"(anonymous_9)","decl":{"start":{"line":100,"column":6},"end":{"line":100,"column":15}},"loc":{"start":{"line":100,"column":24},"end":{"line":100,"column":51}},"line":100},"10":{"name":"(anonymous_10)","decl":{"start":{"line":101,"column":6},"end":{"line":101,"column":23}},"loc":{"start":{"line":101,"column":23},"end":{"line":103,"column":13}},"line":101},"11":{"name":"(anonymous_11)","decl":{"start":{"line":107,"column":8},"end":{"line":107,"column":29}},"loc":{"start":{"line":107,"column":29},"end":{"line":109,"column":null}},"line":107},"12":{"name":"(anonymous_12)","decl":{"start":{"line":112,"column":8},"end":{"line":112,"column":25}},"loc":{"start":{"line":112,"column":40},"end":{"line":115,"column":null}},"line":112},"13":{"name":"(anonymous_13)","decl":{"start":{"line":114,"column":6},"end":{"line":114,"column":18}},"loc":{"start":{"line":114,"column":26},"end":{"line":114,"column":55}},"line":114},"14":{"name":"(anonymous_14)","decl":{"start":{"line":114,"column":31},"end":{"line":114,"column":38}},"loc":{"start":{"line":114,"column":43},"end":{"line":114,"column":55}},"line":114},"15":{"name":"(anonymous_15)","decl":{"start":{"line":119,"column":16},"end":{"line":119,"column":30}},"loc":{"start":{"line":119,"column":30},"end":{"line":124,"column":6}},"line":119},"16":{"name":"(anonymous_16)","decl":{"start":{"line":121,"column":27},"end":{"line":121,"column":34}},"loc":{"start":{"line":121,"column":39},"end":{"line":121,"column":64}},"line":121},"17":{"name":"(anonymous_17)","decl":{"start":{"line":122,"column":32},"end":{"line":122,"column":39}},"loc":{"start":{"line":122,"column":44},"end":{"line":122,"column":75}},"line":122}},"branchMap":{"0":{"loc":{"start":{"line":8,"column":11},"end":{"line":8,"column":null}},"type":"cond-expr","locations":[{"start":{"line":8,"column":19},"end":{"line":8,"column":36}},{"start":{"line":8,"column":39},"end":{"line":8,"column":null}}],"line":8},"1":{"loc":{"start":{"line":13,"column":11},"end":{"line":19,"column":6}},"type":"cond-expr","locations":[{"start":{"line":13,"column":19},"end":{"line":13,"column":36}},{"start":{"line":13,"column":39},"end":{"line":19,"column":6}}],"line":13},"2":{"loc":{"start":{"line":27,"column":4},"end":{"line":31,"column":null}},"type":"if","locations":[{"start":{"line":27,"column":4},"end":{"line":31,"column":null}},{"start":{},"end":{}}],"line":27},"3":{"loc":{"start":{"line":92,"column":4},"end":{"line":93,"column":null}},"type":"if","locations":[{"start":{"line":92,"column":4},"end":{"line":93,"column":null}},{"start":{"line":93,"column":9},"end":{"line":93,"column":null}}],"line":92},"4":{"loc":{"start":{"line":113,"column":4},"end":{"line":115,"column":null}},"type":"if","locations":[{"start":{"line":113,"column":4},"end":{"line":115,"column":null}},{"start":{},"end":{}}],"line":113}},"s":{"0":1,"1":103,"2":35,"3":35,"4":103,"5":35,"6":35,"7":103,"8":103,"9":35,"10":35,"11":0,"12":0,"13":0,"14":35,"15":103,"16":103,"17":103,"18":103,"19":42,"20":103,"21":35,"22":103,"23":58,"24":22,"25":36,"26":103,"27":33,"28":33,"29":0,"30":0,"31":0,"32":0,"33":103,"34":1,"35":1,"36":103,"37":2,"38":1,"39":1,"40":2,"41":1,"42":103,"43":42,"44":42,"45":88,"46":42,"47":88,"48":42,"49":103},"f":{"0":103,"1":35,"2":35,"3":35,"4":42,"5":35,"6":58,"7":33,"8":0,"9":0,"10":0,"11":1,"12":2,"13":1,"14":2,"15":42,"16":88,"17":88},"b":{"0":[0,35],"1":[0,35],"2":[0,35],"3":[22,36],"4":[1,1]},"meta":{"lastBranch":5,"lastFunction":18,"lastStatement":50,"seen":{"s:4:13:135:Infinity":0,"f:4:13:4:33":0,"s:6:22:9:Infinity":1,"f:6:40:6:68":1,"s:7:18:7:54":2,"s:8:4:8:Infinity":3,"b:8:19:8:36:8:39:8:Infinity":0,"s:11:16:20:Infinity":4,"f:11:28:11:51":2,"s:12:18:12:51":5,"s:13:4:19:Infinity":6,"b:13:19:13:36:13:39:19:6":1,"s:22:19:22:71":7,"s:25:19:72:Infinity":8,"f:25:34:25:60":3,"s:26:22:26:67":9,"b:27:4:31:Infinity:undefined:undefined:undefined:undefined":2,"s:27:4:31:Infinity":10,"s:28:6:31:Infinity":11,"s:29:8:29:Infinity":12,"s:31:8:31:Infinity":13,"s:34:4:71:Infinity":14,"s:74:20:74:65":15,"s:75:24:75:56":16,"s:76:16:80:4":17,"s:83:2:85:Infinity":18,"f:83:2:83:18":4,"s:84:4:84:Infinity":19,"s:87:2:89:Infinity":20,"f:87:2:87:18":5,"s:88:4:88:Infinity":21,"s:91:2:94:Infinity":22,"f:91:2:91:18":6,"b:92:4:93:Infinity:93:9:93:Infinity":3,"s:92:4:93:Infinity":23,"s:92:21:92:Infinity":24,"s:93:9:93:Infinity":25,"s:97:8:104:Infinity":26,"f:97:8:97:21":7,"s:98:4:98:Infinity":27,"s:99:4:104:Infinity":28,"f:99:4:99:21":8,"s:100:6:100:Infinity":29,"f:100:6:100:15":9,"s:100:24:100:51":30,"s:101:6:103:Infinity":31,"f:101:6:101:23":10,"s:102:8:102:Infinity":32,"s:107:8:109:Infinity":33,"f:107:8:107:29":11,"s:108:4:108:Infinity":34,"s:109:4:109:Infinity":35,"s:112:8:115:Infinity":36,"f:112:8:112:25":12,"b:113:4:115:Infinity:undefined:undefined:undefined:undefined":4,"s:113:4:115:Infinity":37,"s:114:6:114:Infinity":38,"f:114:6:114:18":13,"s:114:26:114:55":39,"f:114:31:114:38":14,"s:114:43:114:55":40,"s:115:6:115:Infinity":41,"s:119:8:124:16":42,"f:119:16:119:30":15,"s:120:18:120:Infinity":43,"s:121:18:121:Infinity":44,"f:121:27:121:34":16,"s:121:39:121:64":45,"s:122:23:122:Infinity":46,"f:122:32:122:39":17,"s:122:44:122:75":47,"s:123:4:123:Infinity":48,"s:126:2:135:Infinity":49}}}
,"/Users/m1pro2021/mhmdiamd/kuliah/semester7/tugas-testing-qa/src/utils/studentLogic.ts": {"path":"/Users/m1pro2021/mhmdiamd/kuliah/semester7/tugas-testing-qa/src/utils/studentLogic.ts","statementMap":{"0":{"start":{"line":1,"column":13},"end":{"line":6,"column":null}},"1":{"start":{"line":2,"column":8},"end":{"line":2,"column":null}},"2":{"start":{"line":3,"column":19},"end":{"line":3,"column":null}},"3":{"start":{"line":4,"column":2},"end":{"line":5,"column":null}},"4":{"start":{"line":4,"column":22},"end":{"line":4,"column":null}},"5":{"start":{"line":5,"column":7},"end":{"line":5,"column":null}},"6":{"start":{"line":5,"column":27},"end":{"line":5,"column":null}},"7":{"start":{"line":6,"column":2},"end":{"line":6,"column":null}},"8":{"start":{"line":9,"column":13},"end":{"line":11,"column":null}},"9":{"start":{"line":10,"column":19},"end":{"line":10,"column":56}},"10":{"start":{"line":11,"column":2},"end":{"line":11,"column":null}}},"fnMap":{"0":{"name":"(anonymous_0)","decl":{"start":{"line":1,"column":13},"end":{"line":1,"column":32}},"loc":{"start":{"line":1,"column":75},"end":{"line":6,"column":null}},"line":1},"1":{"name":"(anonymous_1)","decl":{"start":{"line":9,"column":13},"end":{"line":9,"column":40}},"loc":{"start":{"line":9,"column":110},"end":{"line":11,"column":null}},"line":9}},"branchMap":{"0":{"loc":{"start":{"line":4,"column":2},"end":{"line":5,"column":null}},"type":"if","locations":[{"start":{"line":4,"column":2},"end":{"line":5,"column":null}},{"start":{"line":5,"column":7},"end":{"line":5,"column":null}}],"line":4},"1":{"loc":{"start":{"line":5,"column":7},"end":{"line":5,"column":null}},"type":"if","locations":[{"start":{"line":5,"column":7},"end":{"line":5,"column":null}},{"start":{},"end":{}}],"line":5}},"s":{"0":2,"1":18,"2":18,"3":18,"4":8,"5":10,"6":6,"7":18,"8":2,"9":4,"10":4},"f":{"0":18,"1":4},"b":{"0":[8,10],"1":[6,4]},"meta":{"lastBranch":2,"lastFunction":2,"lastStatement":11,"seen":{"s:1:13:6:Infinity":0,"f:1:13:1:32":0,"s:2:8:2:Infinity":1,"s:3:19:3:Infinity":2,"b:4:2:5:Infinity:5:7:5:Infinity":0,"s:4:2:5:Infinity":3,"s:4:22:4:Infinity":4,"b:5:7:5:Infinity:undefined:undefined:undefined:undefined":1,"s:5:7:5:Infinity":5,"s:5:27:5:Infinity":6,"s:6:2:6:Infinity":7,"s:9:13:11:Infinity":8,"f:9:13:9:40":1,"s:10:19:10:56":9,"s:11:2:11:Infinity":10}}}
}
